build/app/intermediates/manifest_merge_blame_file/debug/manifest-merger-blame-debug-report.txt
1<?xml version="1.0" encoding="utf-8"?>
2<manifest xmlns:android="http://schemas.android.com/apk/res/android"
3    package="com.example.moonline"
4    android:versionCode="1"
5    android:versionName="1.0.0" >
6
7    <uses-sdk
8        android:minSdkVersion="21"
9        android:targetSdkVersion="28" />
10    <!--
11         Flutter needs it to communicate with the running application
12         to allow setting breakpoints, to provide hot reload, etc.
13    -->
14    <uses-permission android:name="android.permission.INTERNET" />
14-->src/main/AndroidManifest.xml:3:5-66
14-->src/main/AndroidManifest.xml:3:22-64
15    <uses-permission android:name="android.permission.READ_EXTERNAL_STORAGE" />
15-->src/main/AndroidManifest.xml:2:5-79
15-->src/main/AndroidManifest.xml:2:22-77
16    <uses-permission android:name="android.permission.WRITE_EXTERNAL_STORAGE" />
16-->[:image_picker] AndroidManifest.xml:8:5-81
16-->[:image_picker] AndroidManifest.xml:8:22-78
17    <!--
18 io.flutter.app.FlutterApplication is an android.app.Application that
19         calls FlutterMain.startInitialization(this); in its onCreate method.
20         In most cases you can leave this as-is, but you if you want to provide
21         additional functionality it is fine to subclass or reimplement
22         FlutterApplication and put your custom class here.
23    -->
24    <application
24-->src/main/AndroidManifest.xml:9:5-61:19
25        android:name="io.flutter.app.FlutterApplication"
25-->src/main/AndroidManifest.xml:10:9-57
26        android:appComponentFactory="androidx.core.app.CoreComponentFactory"
26-->[androidx.core:core:1.1.0] AndroidManifest.xml:24:18-86
27        android:debuggable="true"
28        android:icon="@mipmap/ic_launcher"
28-->src/main/AndroidManifest.xml:12:9-43
29        android:label="moonline" >
29-->src/main/AndroidManifest.xml:11:9-33
30        <activity
30-->src/main/AndroidManifest.xml:13:9-55:20
31            android:name="com.example.moonline.MainActivity"
31-->src/main/AndroidManifest.xml:14:13-41
32            android:configChanges="orientation|keyboardHidden|keyboard|screenSize|smallestScreenSize|locale|layoutDirection|fontScale|screenLayout|density|uiMode"
32-->src/main/AndroidManifest.xml:17:13-163
33            android:hardwareAccelerated="true"
33-->src/main/AndroidManifest.xml:18:13-47
34            android:launchMode="singleTop"
34-->src/main/AndroidManifest.xml:15:13-43
35            android:theme="@style/LaunchTheme"
35-->src/main/AndroidManifest.xml:16:13-47
36            android:windowSoftInputMode="adjustResize" >
36-->src/main/AndroidManifest.xml:19:13-55
37            <intent-filter>
37-->src/main/AndroidManifest.xml:20:13-23:29
38                <action android:name="android.intent.action.MAIN" />
38-->src/main/AndroidManifest.xml:21:17-68
38-->src/main/AndroidManifest.xml:21:25-66
39
40                <category android:name="android.intent.category.LAUNCHER" />
40-->src/main/AndroidManifest.xml:22:17-76
40-->src/main/AndroidManifest.xml:22:27-74
41            </intent-filter>
42            <intent-filter>
42-->src/main/AndroidManifest.xml:24:13-29:29
43                <action android:name="android.intent.action.VIEW" />
43-->src/main/AndroidManifest.xml:25:17-68
43-->src/main/AndroidManifest.xml:25:25-66
44
45                <category android:name="android.intent.category.DEFAULT" />
45-->src/main/AndroidManifest.xml:26:17-75
45-->src/main/AndroidManifest.xml:26:27-73
46                <category android:name="android.intent.category.BROWSABLE" />
46-->src/main/AndroidManifest.xml:27:17-77
46-->src/main/AndroidManifest.xml:27:27-75
47
48                <data
48-->src/main/AndroidManifest.xml:28:17-103
49                    android:host="example.com"
49-->src/main/AndroidManifest.xml:28:46-72
50                    android:pathPrefix="/invite"
50-->src/main/AndroidManifest.xml:28:73-101
51                    android:scheme="https" />
51-->src/main/AndroidManifest.xml:28:23-45
52            </intent-filter>
53            <intent-filter>
53-->src/main/AndroidManifest.xml:30:13-34:29
54                <action android:name="android.intent.action.SEND" />
54-->src/main/AndroidManifest.xml:31:17-68
54-->src/main/AndroidManifest.xml:31:25-66
55
56                <category android:name="android.intent.category.DEFAULT" />
56-->src/main/AndroidManifest.xml:26:17-75
56-->src/main/AndroidManifest.xml:26:27-73
57
58                <data android:mimeType="text/*" />
58-->src/main/AndroidManifest.xml:28:17-103
59            </intent-filter>
60            <intent-filter>
60-->src/main/AndroidManifest.xml:35:13-39:29
61                <action android:name="android.intent.action.SEND" />
61-->src/main/AndroidManifest.xml:31:17-68
61-->src/main/AndroidManifest.xml:31:25-66
62
63                <category android:name="android.intent.category.DEFAULT" />
63-->src/main/AndroidManifest.xml:26:17-75
63-->src/main/AndroidManifest.xml:26:27-73
64
65                <data android:mimeType="image/*" />
65-->src/main/AndroidManifest.xml:28:17-103
66            </intent-filter>
67            <intent-filter>
67-->src/main/AndroidManifest.xml:40:13-44:29
68                <action android:name="android.intent.action.SEND_MULTIPLE" />
68-->src/main/AndroidManifest.xml:41:17-77
68-->src/main/AndroidManifest.xml:41:25-75
69
70                <category android:name="android.intent.category.DEFAULT" />
70-->src/main/AndroidManifest.xml:26:17-75
70-->src/main/AndroidManifest.xml:26:27-73
71
72                <data android:mimeType="image/*" />
72-->src/main/AndroidManifest.xml:28:17-103
73            </intent-filter>
74            <intent-filter>
74-->src/main/AndroidManifest.xml:45:13-49:29
75                <action android:name="android.intent.action.SEND" />
75-->src/main/AndroidManifest.xml:31:17-68
75-->src/main/AndroidManifest.xml:31:25-66
76
77                <category android:name="android.intent.category.DEFAULT" />
77-->src/main/AndroidManifest.xml:26:17-75
77-->src/main/AndroidManifest.xml:26:27-73
78
79                <data android:mimeType="video/*" />
79-->src/main/AndroidManifest.xml:28:17-103
80            </intent-filter>
81            <intent-filter>
81-->src/main/AndroidManifest.xml:50:13-54:29
82                <action android:name="android.intent.action.SEND_MULTIPLE" />
82-->src/main/AndroidManifest.xml:41:17-77
82-->src/main/AndroidManifest.xml:41:25-75
83
84                <category android:name="android.intent.category.DEFAULT" />
84-->src/main/AndroidManifest.xml:26:17-75
84-->src/main/AndroidManifest.xml:26:27-73
85
86                <data android:mimeType="video/*" />
86-->src/main/AndroidManifest.xml:28:17-103
87            </intent-filter>
88        </activity>
89        <!--
90             Don't delete the meta-data below.
91             This is used by the Flutter tool to generate GeneratedPluginRegistrant.java
92        -->
93        <meta-data
93-->src/main/AndroidManifest.xml:58:9-60:33
94            android:name="flutterEmbedding"
94-->src/main/AndroidManifest.xml:59:13-44
95            android:value="2" />
95-->src/main/AndroidManifest.xml:60:13-30
96
97        <provider
97-->[:image_picker] AndroidManifest.xml:11:9-19:20
98            android:name="io.flutter.plugins.imagepicker.ImagePickerFileProvider"
98-->[:image_picker] AndroidManifest.xml:12:13-82
99            android:authorities="com.example.moonline.flutter.image_provider"
99-->[:image_picker] AndroidManifest.xml:13:13-74
100            android:exported="false"
100-->[:image_picker] AndroidManifest.xml:14:13-37
101            android:grantUriPermissions="true" >
101-->[:image_picker] AndroidManifest.xml:15:13-47
102            <meta-data
102-->[:image_picker] AndroidManifest.xml:16:13-18:75
103                android:name="android.support.FILE_PROVIDER_PATHS"
103-->[:image_picker] AndroidManifest.xml:17:17-67
104                android:resource="@xml/flutter_image_picker_file_paths" />
104-->[:image_picker] AndroidManifest.xml:18:17-72
105        </provider>
106
107        <activity
107-->[:flutter_youtube] AndroidManifest.xml:9:9-12:20
108            android:name="io.github.ponnamkarthik.flutteryoutube.PlayerActivity"
108-->[:flutter_youtube] AndroidManifest.xml:10:13-81
109            android:configChanges="orientation|screenSize|keyboardHidden|navigation" >
109-->[:flutter_youtube] AndroidManifest.xml:11:13-85
110        </activity>
111    </application>
112
113</manifest>